14:59:38.515 [main] DEBUG org.apache.poi.openxml4j.opc.PackageRelationshipCollection - Parsing relationship: /_rels/.rels
14:59:38.541 [main] DEBUG org.apache.poi.openxml4j.opc.PackageRelationshipCollection - Parsing relationship: /xl/_rels/workbook.xml.rels
14:59:38.543 [main] DEBUG org.apache.poi.openxml4j.opc.PackageRelationshipCollection - Parsing relationship: /xl/worksheets/_rels/sheet1.xml.rels
14:59:38.543 [main] DEBUG org.apache.poi.openxml4j.opc.PackageRelationshipCollection - Parsing relationship: /_rels/.rels
14:59:38.566 [main] DEBUG org.apache.poi.openxml4j.opc.PackageRelationshipCollection - Parsing relationship: /xl/_rels/workbook.xml.rels
14:59:38.569 [main] DEBUG org.apache.poi.openxml4j.opc.PackageRelationshipCollection - Parsing relationship: /xl/worksheets/_rels/sheet1.xml.rels
14:59:38.570 [main] DEBUG org.apache.poi.openxml4j.opc.PackageRelationshipCollection - Parsing relationship: /_rels/.rels
14:59:38.585 [main] DEBUG org.apache.poi.openxml4j.opc.PackageRelationshipCollection - Parsing relationship: /xl/_rels/workbook.xml.rels
14:59:38.586 [main] DEBUG org.apache.poi.openxml4j.opc.PackageRelationshipCollection - Parsing relationship: /xl/worksheets/_rels/sheet1.xml.rels
14:59:38.587 [main] DEBUG org.apache.poi.openxml4j.opc.PackageRelationshipCollection - Parsing relationship: /_rels/.rels
14:59:38.604 [main] DEBUG org.apache.poi.openxml4j.opc.PackageRelationshipCollection - Parsing relationship: /xl/_rels/workbook.xml.rels
14:59:38.605 [main] DEBUG org.apache.poi.openxml4j.opc.PackageRelationshipCollection - Parsing relationship: /xl/worksheets/_rels/sheet1.xml.rels
14:59:38.605 [main] DEBUG org.apache.poi.openxml4j.opc.PackageRelationshipCollection - Parsing relationship: /_rels/.rels
14:59:38.620 [main] DEBUG org.apache.poi.openxml4j.opc.PackageRelationshipCollection - Parsing relationship: /xl/_rels/workbook.xml.rels
14:59:38.620 [main] DEBUG org.apache.poi.openxml4j.opc.PackageRelationshipCollection - Parsing relationship: /xl/worksheets/_rels/sheet1.xml.rels
14:59:38.622 [main] DEBUG org.apache.poi.openxml4j.opc.PackageRelationshipCollection - Parsing relationship: /_rels/.rels
14:59:38.639 [main] DEBUG org.apache.poi.openxml4j.opc.PackageRelationshipCollection - Parsing relationship: /xl/_rels/workbook.xml.rels
14:59:38.640 [main] DEBUG org.apache.poi.openxml4j.opc.PackageRelationshipCollection - Parsing relationship: /xl/worksheets/_rels/sheet1.xml.rels
14:59:38.641 [main] DEBUG org.apache.poi.openxml4j.opc.PackageRelationshipCollection - Parsing relationship: /_rels/.rels
14:59:38.666 [main] DEBUG org.apache.poi.openxml4j.opc.PackageRelationshipCollection - Parsing relationship: /xl/_rels/workbook.xml.rels
14:59:38.668 [main] DEBUG org.apache.poi.openxml4j.opc.PackageRelationshipCollection - Parsing relationship: /xl/worksheets/_rels/sheet1.xml.rels
14:59:38.668 [main] DEBUG org.apache.poi.openxml4j.opc.PackageRelationshipCollection - Parsing relationship: /_rels/.rels
15:02:26.252 [main] DEBUG org.testng.TestNG - suiteXmlPath: "C:\Users\punug\eclipse-workspace\selenium-webdriver\OpencartV121\master.xml"
15:11:41.977 [main] DEBUG org.testng.TestNG - suiteXmlPath: "C:\Users\punug\eclipse-workspace\selenium-webdriver\OpencartV121\master.xml"
15:29:05.981 [main] DEBUG org.testng.TestNG - suiteXmlPath: "C:\Users\punug\eclipse-workspace\selenium-webdriver\OpencartV121\master.xml"
15:29:06.380 [main] INFO  org.testng.internal.Utils - [TestNG] Running:
  C:\Users\punug\eclipse-workspace\selenium-webdriver\OpencartV121\master.xml

15:31:11.841 [main] DEBUG org.testng.TestNG - suiteXmlPath: "C:\Users\punug\eclipse-workspace\selenium-webdriver\OpencartV121\master.xml"
15:31:12.258 [main] INFO  org.testng.internal.Utils - [TestNG] Running:
  C:\Users\punug\eclipse-workspace\selenium-webdriver\OpencartV121\master.xml

15:31:25.469 [main] INFO  testCases.TC001_AccountRegistrationTest - ******** Started TC001_AccountRegistrationTest  ************
15:31:25.911 [main] INFO  testCases.TC001_AccountRegistrationTest - Clicked on My Account Link
15:31:26.983 [main] INFO  testCases.TC001_AccountRegistrationTest - Clicked on Register link..
15:31:26.986 [main] INFO  testCases.TC001_AccountRegistrationTest - Providing Customer details...
15:31:30.738 [main] INFO  testCases.TC001_AccountRegistrationTest - Validating expected message
15:31:30.816 [main] INFO  testCases.TC001_AccountRegistrationTest -  *** Finished TC001_AccountRegistrationTest ****
15:31:34.310 [main] INFO  testCases.TC002_LoginTest - ****Started TC002_LoginTest *********
15:31:36.417 [main] INFO  testCases.TC002_LoginTest - ****Finished TC002_LoginTest *********
15:32:28.705 [main] DEBUG org.testng.TestNG - suiteXmlPath: "C:\Users\punug\eclipse-workspace\selenium-webdriver\OpencartV121\master.xml"
15:32:34.042 [main] INFO  testCases.TC001_AccountRegistrationTest - ******** Started TC001_AccountRegistrationTest  ************
15:32:34.341 [main] INFO  testCases.TC001_AccountRegistrationTest - Clicked on My Account Link
